Flutter crash report; please file at https://github.com/flutter/flutter/issues.

## command

flutter attach

## exception

String: Exit code 1 from: /Users/liuhe/Documents/sdk/android-sdk-macosx/platform-tools/adb -s 6486826 forward --list

```
#0      _runWithLoggingSync (package:flutter_tools/src/base/process.dart:360:7)
#1      runCheckedSync (package:flutter_tools/src/base/process.dart:289:10)
#2      _AndroidDevicePortForwarder.forwardedPorts (package:flutter_tools/src/android/android_device.dart:830:27)
#3      AttachCommand.runCommand (package:flutter_tools/src/commands/attach.dart:305:62)
<asynchronous suspension>
#4      FlutterCommand.verifyThenRunCommand (package:flutter_tools/src/runner/flutter_command.dart:559:18)
#5      _asyncThenWrapperHelper.<anonymous closure> (dart:async-patch/async_patch.dart:77:64)
#6      _rootRunUnary (dart:async/zone.dart:1132:38)
#7      _CustomZone.runUnary (dart:async/zone.dart:1029:19)
#8      _FutureListener.handleValue (dart:async/future_impl.dart:126:18)
#9      Future._propagateToListeners.handleValueCallback (dart:async/future_impl.dart:639:45)
#10     Future._propagateToListeners (dart:async/future_impl.dart:668:32)
#11     Future._complete (dart:async/future_impl.dart:473:7)
#12     _SyncCompleter.complete (dart:async/future_impl.dart:51:12)
#13     _AsyncAwaitCompleter.complete.<anonymous closure> (dart:async-patch/async_patch.dart:33:20)
#14     _rootRun (dart:async/zone.dart:1124:13)
#15     _CustomZone.run (dart:async/zone.dart:1021:19)
#16     _CustomZone.bindCallback.<anonymous closure> (dart:async/zone.dart:947:23)
#17     _microtaskLoop (dart:async/schedule_microtask.dart:41:21)
#18     _startMicrotaskLoop (dart:async/schedule_microtask.dart:50:5)
#19     _runPendingImmediateCallback (dart:isolate-patch/isolate_patch.dart:115:13)
#20     _RawReceivePortImpl._handleMessage (dart:isolate-patch/isolate_patch.dart:172:5)
```

## flutter doctor

```
[32m[✓][39m Flutter (Channel stable, v1.5.4-hotfix.2, on Mac OS X 10.11.6 15G22010, locale zh-Hans)
    [32m•[39m Flutter version 1.5.4-hotfix.2 at /Users/liuhe/flutterSDK/flutter
    [32m•[39m Framework revision 7a4c33425d (2 weeks ago), 2019-04-29 11:05:24 -0700
    [32m•[39m Engine revision 52c7a1e849
    [32m•[39m Dart version 2.3.0 (build 2.3.0-dev.0.5 a1668566e5)

[33m[!][39m Android toolchain - develop for Android devices (Android SDK version 28.0.3)
    [32m•[39m Android SDK at /Users/liuhe/Documents/sdk/android-sdk-macosx
    [32m•[39m Android NDK at /Users/liuhe/Documents/sdk/android-sdk-macosx/ndk-bundle
    [32m•[39m Platform android-28, build-tools 28.0.3
    [32m•[39m Java binary at: /Applications/Android Studio.app/Contents/jre/jdk/Contents/Home/bin/java
    [32m•[39m Java version OpenJDK Runtime Environment (build 1.8.0_152-release-1024-b01)
    [33m![39m Some Android licenses not accepted.  To resolve this, run: flutter doctor --android-licenses

[33m[!][39m iOS toolchain - develop for iOS devices (Xcode 7.2.1)
    [32m•[39m Xcode at /Applications/Xcode.app/Contents/Developer
    [32m•[39m Xcode 7.2.1, Build version 7C1002
    [31m✗[39m Flutter requires a minimum Xcode version of 9.0.0.
      Download the latest version or update via the Mac App Store.
    [31m✗[39m libimobiledevice and ideviceinstaller are not installed. To install with Brew, run:
        brew update
        brew install --HEAD usbmuxd
        brew link usbmuxd
        brew install --HEAD libimobiledevice
        brew install ideviceinstaller
    [31m✗[39m ios-deploy not installed. To install:
        brew install ios-deploy
    [31m✗[39m CocoaPods not installed.
        CocoaPods is used to retrieve the iOS platform side's plugin code that responds to your plugin usage on the Dart side.
        Without resolving iOS dependencies with CocoaPods, plugins will not work on iOS.
        For more info, see https://flutter.dev/platform-plugins
      To install:
        brew install cocoapods
        pod setup

[32m[✓][39m Android Studio (version 3.1)
    [32m•[39m Android Studio at /Applications/Android Studio.app/Contents
    [32m•[39m Flutter plugin version 29.0.1
    [32m•[39m Dart plugin version 173.4700
    [32m•[39m Java version OpenJDK Runtime Environment (build 1.8.0_152-release-1024-b01)

[33m[!][39m IntelliJ IDEA Community Edition (version 2019.1.2)
    [32m•[39m IntelliJ at /Applications/IntelliJ IDEA CE.app
    [31m✗[39m Flutter plugin not installed; this adds Flutter specific functionality.
    [31m✗[39m Dart plugin not installed; this adds Dart specific functionality.
    [32m•[39m For information about installing plugins, see
      https://flutter.dev/intellij-setup/#installing-the-plugins

[33m[!][39m IntelliJ IDEA Ultimate Edition (version 2019.1.2)
    [32m•[39m IntelliJ at /Applications/IntelliJ IDEA.app
    [31m✗[39m Flutter plugin not installed; this adds Flutter specific functionality.
    [31m✗[39m Dart plugin not installed; this adds Dart specific functionality.
    [32m•[39m For information about installing plugins, see
      https://flutter.dev/intellij-setup/#installing-the-plugins

[32m[✓][39m Connected device (1 available)
    [32m•[39m MI 8 • 6486826 • android-arm • Android null (API null)

[33m![39m Doctor found issues in 4 categories.
```
